# JRE version: OpenJDK Runtime Environment Temurin-17.0.13+11 (17.0.13+11) (build 17.0.13+11)
# Java VM: OpenJDK 64-Bit Server VM Temurin-17.0.13+11 (17.0.13+11, mixed mode, tiered, compressed oops, compressed class ptrs, parallel gc, windows-amd64)
GC Precious Log:
 CPUs: 4 total, 4 available
 Memory: 8070M
 Large Page Support: Disabled
 NUMA Support: Disabled
 Compressed Oops: Enabled (32-bit)
 Alignments: Space 512K, Generation 512K, Heap 2M
 Heap Min Capacity: 100M
 Heap Initial Capacity: 100M
 Heap Max Capacity: 1G
 Pre-touch: Disabled
 Parallel Workers: 4
Heap:
 PSYoungGen      total 11264K, used 11247K [0x00000000eab00000, 0x00000000ec680000, 0x0000000100000000)
  eden space 8704K, 100% used [0x00000000eab00000,0x00000000eb380000,0x00000000eb380000)
  from space 2560K, 99% used [0x00000000eb800000,0x00000000eba7be90,0x00000000eba80000)
  to   space 9728K, 0% used [0x00000000ebd00000,0x00000000ebd00000,0x00000000ec680000)
 ParOldGen       total 522752K, used 522282K [0x00000000c0000000, 0x00000000dfe80000, 0x00000000eab00000)
  object space 522752K, 99% used [0x00000000c0000000,0x00000000dfe0aa38,0x00000000dfe80000)
 Metaspace       used 110972K, committed 112448K, reserved 1179648K
  class space    used 10742K, committed 11392K, reserved 1048576K
GC Heap History (20 events):
Event: 11702.290 GC heap after
{Heap after GC invocations=18960 (full 269):
 PSYoungGen      total 11776K, used 7200K [0x00000000eab00000, 0x00000000ebe80000, 0x0000000100000000)
  eden space 4096K, 0% used [0x00000000eab00000,0x00000000eab00000,0x00000000eaf00000)
  from space 7680K, 93% used [0x00000000eb700000,0x00000000ebe08070,0x00000000ebe80000)
  to   space 7680K, 0% used [0x00000000eaf80000,0x00000000eaf80000,0x00000000eb700000)
 ParOldGen       total 518656K, used 504552K [0x00000000c0000000, 0x00000000dfa80000, 0x00000000eab00000)
  object space 518656K, 97% used [0x00000000c0000000,0x00000000decba248,0x00000000dfa80000)
 Metaspace       used 110971K, committed 112448K, reserved 1179648K
  class space    used 10742K, committed 11392K, reserved 1048576K
}
Event: 11702.308 GC heap before
{Heap before GC invocations=18961 (full 269):
 PSYoungGen      total 11776K, used 11296K [0x00000000eab00000, 0x00000000ebe80000, 0x0000000100000000)
  eden space 4096K, 100% used [0x00000000eab00000,0x00000000eaf00000,0x00000000eaf00000)
  from space 7680K, 93% used [0x00000000eb700000,0x00000000ebe08070,0x00000000ebe80000)
  to   space 7680K, 0% used [0x00000000eaf80000,0x00000000eaf80000,0x00000000eb700000)
 ParOldGen       total 518656K, used 504552K [0x00000000c0000000, 0x00000000dfa80000, 0x00000000eab00000)
  object space 518656K, 97% used [0x00000000c0000000,0x00000000decba248,0x00000000dfa80000)
 Metaspace       used 110971K, committed 112448K, reserved 1179648K
  class space    used 10742K, committed 11392K, reserved 1048576K
}
Event: 11702.319 GC heap after
{Heap after GC invocations=18961 (full 269):
 PSYoungGen      total 12288K, used 7648K [0x00000000eab00000, 0x00000000ec700000, 0x0000000100000000)
  eden space 4608K, 0% used [0x00000000eab00000,0x00000000eab00000,0x00000000eaf80000)
  from space 7680K, 99% used [0x00000000eaf80000,0x00000000eb6f8050,0x00000000eb700000)
  to   space 11776K, 0% used [0x00000000ebb80000,0x00000000ebb80000,0x00000000ec700000)
 ParOldGen       total 518656K, used 507707K [0x00000000c0000000, 0x00000000dfa80000, 0x00000000eab00000)
  object space 518656K, 97% used [0x00000000c0000000,0x00000000defceee0,0x00000000dfa80000)
 Metaspace       used 110971K, committed 112448K, reserved 1179648K
  class space    used 10742K, committed 11392K, reserved 1048576K
}
Event: 11702.332 GC heap before
{Heap before GC invocations=18962 (full 269):
 PSYoungGen      total 12288K, used 12256K [0x00000000eab00000, 0x00000000ec700000, 0x0000000100000000)
  eden space 4608K, 99% used [0x00000000eab00000,0x00000000eaf7fff8,0x00000000eaf80000)
  from space 7680K, 99% used [0x00000000eaf80000,0x00000000eb6f8050,0x00000000eb700000)
  to   space 11776K, 0% used [0x00000000ebb80000,0x00000000ebb80000,0x00000000ec700000)
 ParOldGen       total 518656K, used 507707K [0x00000000c0000000, 0x00000000dfa80000, 0x00000000eab00000)
  object space 518656K, 97% used [0x00000000c0000000,0x00000000defceee0,0x00000000dfa80000)
 Metaspace       used 110971K, committed 112448K, reserved 1179648K
  class space    used 10742K, committed 11392K, reserved 1048576K
}
Event: 11702.342 GC heap after
{Heap after GC invocations=18962 (full 269):
 PSYoungGen      total 13312K, used 7319K [0x00000000eab00000, 0x00000000ec300000, 0x0000000100000000)
  eden space 5632K, 0% used [0x00000000eab00000,0x00000000eab00000,0x00000000eb080000)
  from space 7680K, 95% used [0x00000000ebb80000,0x00000000ec2a5cd8,0x00000000ec300000)
  to   space 8704K, 0% used [0x00000000eb200000,0x00000000eb200000,0x00000000eba80000)
 ParOldGen       total 518656K, used 507887K [0x00000000c0000000, 0x00000000dfa80000, 0x00000000eab00000)
  object space 518656K, 97% used [0x00000000c0000000,0x00000000deffbef0,0x00000000dfa80000)
 Metaspace       used 110971K, committed 112448K, reserved 1179648K
  class space    used 10742K, committed 11392K, reserved 1048576K
}
Event: 11702.563 GC heap before
{Heap before GC invocations=18963 (full 269):
 PSYoungGen      total 13312K, used 12951K [0x00000000eab00000, 0x00000000ec300000, 0x0000000100000000)
  eden space 5632K, 100% used [0x00000000eab00000,0x00000000eb080000,0x00000000eb080000)
  from space 7680K, 95% used [0x00000000ebb80000,0x00000000ec2a5cd8,0x00000000ec300000)
  to   space 8704K, 0% used [0x00000000eb200000,0x00000000eb200000,0x00000000eba80000)
 ParOldGen       total 518656K, used 507887K [0x00000000c0000000, 0x00000000dfa80000, 0x00000000eab00000)
  object space 518656K, 97% used [0x00000000c0000000,0x00000000deffbef0,0x00000000dfa80000)
 Metaspace       used 110971K, committed 112448K, reserved 1179648K
  class space    used 10742K, committed 11392K, reserved 1048576K
}
Event: 11702.573 GC heap after
{Heap after GC invocations=18963 (full 269):
 PSYoungGen      total 13824K, used 7044K [0x00000000eab00000, 0x00000000ec080000, 0x0000000100000000)
  eden space 6656K, 0% used [0x00000000eab00000,0x00000000eab00000,0x00000000eb180000)
  from space 7168K, 98% used [0x00000000eb200000,0x00000000eb8e1200,0x00000000eb900000)
  to   space 7680K, 0% used [0x00000000eb900000,0x00000000eb900000,0x00000000ec080000)
 ParOldGen       total 518656K, used 508524K [0x00000000c0000000, 0x00000000dfa80000, 0x00000000eab00000)
  object space 518656K, 98% used [0x00000000c0000000,0x00000000df09b318,0x00000000dfa80000)
 Metaspace       used 110971K, committed 112448K, reserved 1179648K
  class space    used 10742K, committed 11392K, reserved 1048576K
}
Event: 11703.215 GC heap before
{Heap before GC invocations=18964 (full 269):
 PSYoungGen      total 13824K, used 13700K [0x00000000eab00000, 0x00000000ec080000, 0x0000000100000000)
  eden space 6656K, 100% used [0x00000000eab00000,0x00000000eb180000,0x00000000eb180000)
  from space 7168K, 98% used [0x00000000eb200000,0x00000000eb8e1200,0x00000000eb900000)
  to   space 7680K, 0% used [0x00000000eb900000,0x00000000eb900000,0x00000000ec080000)
 ParOldGen       total 518656K, used 508524K [0x00000000c0000000, 0x00000000dfa80000, 0x00000000eab00000)
  object space 518656K, 98% used [0x00000000c0000000,0x00000000df09b318,0x00000000dfa80000)
 Metaspace       used 110971K, committed 112448K, reserved 1179648K
  class space    used 10742K, committed 11392K, reserved 1048576K
}
Event: 11703.224 GC heap after
{Heap after GC invocations=18964 (full 269):
 PSYoungGen      total 13312K, used 4734K [0x00000000eab00000, 0x00000000ebe80000, 0x0000000100000000)
  eden space 7680K, 0% used [0x00000000eab00000,0x00000000eab00000,0x00000000eb280000)
  from space 5632K, 84% used [0x00000000eb900000,0x00000000ebd9fbf0,0x00000000ebe80000)
  to   space 6144K, 0% used [0x00000000eb280000,0x00000000eb280000,0x00000000eb880000)
 ParOldGen       total 518656K, used 510901K [0x00000000c0000000, 0x00000000dfa80000, 0x00000000eab00000)
  object space 518656K, 98% used [0x00000000c0000000,0x00000000df2ed458,0x00000000dfa80000)
 Metaspace       used 110971K, committed 112448K, reserved 1179648K
  class space    used 10742K, committed 11392K, reserved 1048576K
}
Event: 11703.507 GC heap before
{Heap before GC invocations=18965 (full 269):
 PSYoungGen      total 13312K, used 12414K [0x00000000eab00000, 0x00000000ebe80000, 0x0000000100000000)
  eden space 7680K, 100% used [0x00000000eab00000,0x00000000eb280000,0x00000000eb280000)
  from space 5632K, 84% used [0x00000000eb900000,0x00000000ebd9fbf0,0x00000000ebe80000)
  to   space 6144K, 0% used [0x00000000eb280000,0x00000000eb280000,0x00000000eb880000)
 ParOldGen       total 518656K, used 510901K [0x00000000c0000000, 0x00000000dfa80000, 0x00000000eab00000)
  object space 518656K, 98% used [0x00000000c0000000,0x00000000df2ed458,0x00000000dfa80000)
 Metaspace       used 110971K, committed 112448K, reserved 1179648K
  class space    used 10742K, committed 11392K, reserved 1048576K
}
Event: 11703.517 GC heap after
{Heap after GC invocations=18965 (full 269):
 PSYoungGen      total 13824K, used 6138K [0x00000000eab00000, 0x00000000ec880000, 0x0000000100000000)
  eden space 7680K, 0% used [0x00000000eab00000,0x00000000eab00000,0x00000000eb280000)
  from space 6144K, 99% used [0x00000000eb280000,0x00000000eb87e930,0x00000000eb880000)
  to   space 10752K, 0% used [0x00000000ebe00000,0x00000000ebe00000,0x00000000ec880000)
 ParOldGen       total 518656K, used 514593K [0x00000000c0000000, 0x00000000dfa80000, 0x00000000eab00000)
  object space 518656K, 99% used [0x00000000c0000000,0x00000000df6886b8,0x00000000dfa80000)
 Metaspace       used 110971K, committed 112448K, reserved 1179648K
  class space    used 10742K, committed 11392K, reserved 1048576K
}
Event: 11703.589 GC heap before
{Heap before GC invocations=18966 (full 269):
 PSYoungGen      total 13824K, used 13814K [0x00000000eab00000, 0x00000000ec880000, 0x0000000100000000)
  eden space 7680K, 99% used [0x00000000eab00000,0x00000000eb27f0c0,0x00000000eb280000)
  from space 6144K, 99% used [0x00000000eb280000,0x00000000eb87e930,0x00000000eb880000)
  to   space 10752K, 0% used [0x00000000ebe00000,0x00000000ebe00000,0x00000000ec880000)
 ParOldGen       total 518656K, used 514593K [0x00000000c0000000, 0x00000000dfa80000, 0x00000000eab00000)
  object space 518656K, 99% used [0x00000000c0000000,0x00000000df6886b8,0x00000000dfa80000)
 Metaspace       used 110971K, committed 112448K, reserved 1179648K
  class space    used 10742K, committed 11392K, reserved 1048576K
}
Event: 11703.596 GC heap after
{Heap after GC invocations=18966 (full 269):
 PSYoungGen      total 15360K, used 6189K [0x00000000eab00000, 0x00000000ec480000, 0x0000000100000000)
  eden space 8704K, 0% used [0x00000000eab00000,0x00000000eab00000,0x00000000eb380000)
  from space 6656K, 92% used [0x00000000ebe00000,0x00000000ec40b670,0x00000000ec480000)
  to   space 7680K, 0% used [0x00000000eb580000,0x00000000eb580000,0x00000000ebd00000)
 ParOldGen       total 518656K, used 515402K [0x00000000c0000000, 0x00000000dfa80000, 0x00000000eab00000)
  object space 518656K, 99% used [0x00000000c0000000,0x00000000df752a38,0x00000000dfa80000)
 Metaspace       used 110971K, committed 112448K, reserved 1179648K
  class space    used 10742K, committed 11392K, reserved 1048576K
}
Event: 11704.204 GC heap before
{Heap before GC invocations=18967 (full 269):
 PSYoungGen      total 15360K, used 14893K [0x00000000eab00000, 0x00000000ec480000, 0x0000000100000000)
  eden space 8704K, 100% used [0x00000000eab00000,0x00000000eb380000,0x00000000eb380000)
  from space 6656K, 92% used [0x00000000ebe00000,0x00000000ec40b670,0x00000000ec480000)
  to   space 7680K, 0% used [0x00000000eb580000,0x00000000eb580000,0x00000000ebd00000)
 ParOldGen       total 518656K, used 515402K [0x00000000c0000000, 0x00000000dfa80000, 0x00000000eab00000)
  object space 518656K, 99% used [0x00000000c0000000,0x00000000df752a38,0x00000000dfa80000)
 Metaspace       used 110971K, committed 112448K, reserved 1179648K
  class space    used 10742K, committed 11392K, reserved 1048576K
}
Event: 11704.208 GC heap after
{Heap after GC invocations=18967 (full 269):
 PSYoungGen      total 10752K, used 1824K [0x00000000eab00000, 0x00000000ebe80000, 0x0000000100000000)
  eden space 8704K, 0% used [0x00000000eab00000,0x00000000eab00000,0x00000000eb380000)
  from space 2048K, 89% used [0x00000000eb580000,0x00000000eb748020,0x00000000eb780000)
  to   space 4096K, 0% used [0x00000000eba80000,0x00000000eba80000,0x00000000ebe80000)
 ParOldGen       total 518656K, used 516527K [0x00000000c0000000, 0x00000000dfa80000, 0x00000000eab00000)
  object space 518656K, 99% used [0x00000000c0000000,0x00000000df86bfa8,0x00000000dfa80000)
 Metaspace       used 110971K, committed 112448K, reserved 1179648K
  class space    used 10742K, committed 11392K, reserved 1048576K
}
Event: 11704.928 GC heap before
{Heap before GC invocations=18968 (full 269):
 PSYoungGen      total 10752K, used 10528K [0x00000000eab00000, 0x00000000ebe80000, 0x0000000100000000)
  eden space 8704K, 100% used [0x00000000eab00000,0x00000000eb380000,0x00000000eb380000)
  from space 2048K, 89% used [0x00000000eb580000,0x00000000eb748020,0x00000000eb780000)
  to   space 4096K, 0% used [0x00000000eba80000,0x00000000eba80000,0x00000000ebe80000)
 ParOldGen       total 518656K, used 516527K [0x00000000c0000000, 0x00000000dfa80000, 0x00000000eab00000)
  object space 518656K, 99% used [0x00000000c0000000,0x00000000df86bfa8,0x00000000dfa80000)
 Metaspace       used 110972K, committed 112448K, reserved 1179648K
  class space    used 10742K, committed 11392K, reserved 1048576K
}
Event: 11704.932 GC heap after
{Heap after GC invocations=18968 (full 269):
 PSYoungGen      total 11264K, used 2192K [0x00000000eab00000, 0x00000000ebd00000, 0x0000000100000000)
  eden space 8704K, 0% used [0x00000000eab00000,0x00000000eab00000,0x00000000eb380000)
  from space 2560K, 85% used [0x00000000eba80000,0x00000000ebca4030,0x00000000ebd00000)
  to   space 2560K, 0% used [0x00000000eb800000,0x00000000eb800000,0x00000000eba80000)
 ParOldGen       total 518656K, used 516527K [0x00000000c0000000, 0x00000000dfa80000, 0x00000000eab00000)
  object space 518656K, 99% used [0x00000000c0000000,0x00000000df86bfa8,0x00000000dfa80000)
 Metaspace       used 110972K, committed 112448K, reserved 1179648K
  class space    used 10742K, committed 11392K, reserved 1048576K
}
Event: 11705.231 GC heap before
{Heap before GC invocations=18969 (full 269):
 PSYoungGen      total 11264K, used 10828K [0x00000000eab00000, 0x00000000ebd00000, 0x0000000100000000)
  eden space 8704K, 99% used [0x00000000eab00000,0x00000000eb36f158,0x00000000eb380000)
  from space 2560K, 85% used [0x00000000eba80000,0x00000000ebca4030,0x00000000ebd00000)
  to   space 2560K, 0% used [0x00000000eb800000,0x00000000eb800000,0x00000000eba80000)
 ParOldGen       total 518656K, used 516527K [0x00000000c0000000, 0x00000000dfa80000, 0x00000000eab00000)
  object space 518656K, 99% used [0x00000000c0000000,0x00000000df86bfa8,0x00000000dfa80000)
 Metaspace       used 110972K, committed 112448K, reserved 1179648K
  class space    used 10742K, committed 11392K, reserved 1048576K
}
Event: 11705.242 GC heap after
{Heap after GC invocations=18969 (full 269):
 PSYoungGen      total 11264K, used 2543K [0x00000000eab00000, 0x00000000ec680000, 0x0000000100000000)
  eden space 8704K, 0% used [0x00000000eab00000,0x00000000eab00000,0x00000000eb380000)
  from space 2560K, 99% used [0x00000000eb800000,0x00000000eba7be90,0x00000000eba80000)
  to   space 9728K, 0% used [0x00000000ebd00000,0x00000000ebd00000,0x00000000ec680000)
 ParOldGen       total 522752K, used 522282K [0x00000000c0000000, 0x00000000dfe80000, 0x00000000eab00000)
  object space 522752K, 99% used [0x00000000c0000000,0x00000000dfe0aa38,0x00000000dfe80000)
 Metaspace       used 110972K, committed 112448K, reserved 1179648K
  class space    used 10742K, committed 11392K, reserved 1048576K
}
Event: 11705.311 GC heap before
{Heap before GC invocations=18970 (full 270):
 PSYoungGen      total 11264K, used 11247K [0x00000000eab00000, 0x00000000ec680000, 0x0000000100000000)
  eden space 8704K, 100% used [0x00000000eab00000,0x00000000eb380000,0x00000000eb380000)
  from space 2560K, 99% used [0x00000000eb800000,0x00000000eba7be90,0x00000000eba80000)
  to   space 9728K, 0% used [0x00000000ebd00000,0x00000000ebd00000,0x00000000ec680000)
 ParOldGen       total 522752K, used 522282K [0x00000000c0000000, 0x00000000dfe80000, 0x00000000eab00000)
  object space 522752K, 99% used [0x00000000c0000000,0x00000000dfe0aa38,0x00000000dfe80000)
 Metaspace       used 110972K, committed 112448K, reserved 1179648K
  class space    used 10742K, committed 11392K, reserved 1048576K
}

